E:\Microsoft Visual Studio\2019\Community\MSBuild\Microsoft\VC\v160\Microsoft.CppBuild.targets(452,5): warning MSB8028: The intermediate directory (Debug\) contains files shared from another project (18120506_18120520.vcxproj).  This can lead to incorrect clean and rebuild behavior.
  Ball.cpp
E:\Bai tap\OOP_Seminar_1\New_Ver\18120506_18120520\Ball.cpp(6,17): warning C4244:  '=': conversion from 'double' to 'float', possible loss of data
E:\Bai tap\OOP_Seminar_1\New_Ver\18120506_18120520\Ball.cpp(8,12): warning C4244:  '=': conversion from 'double' to 'float', possible loss of data
E:\Bai tap\OOP_Seminar_1\New_Ver\18120506_18120520\Ball.cpp(25,25): warning C4244:  'argument': conversion from 'double' to 'float', possible loss of data
E:\Bai tap\OOP_Seminar_1\New_Ver\18120506_18120520\Ball.cpp(25,18): warning C4244:  '=': conversion from 'float' to 'int', possible loss of data
E:\Bai tap\OOP_Seminar_1\New_Ver\18120506_18120520\Ball.cpp(26,25): warning C4244:  'argument': conversion from 'double' to 'float', possible loss of data
E:\Bai tap\OOP_Seminar_1\New_Ver\18120506_18120520\Ball.cpp(26,18): warning C4244:  '=': conversion from 'float' to 'int', possible loss of data
E:\Bai tap\OOP_Seminar_1\New_Ver\18120506_18120520\Ball.cpp(67,21): warning C4244:  'argument': conversion from 'double' to 'float', possible loss of data
E:\Bai tap\OOP_Seminar_1\New_Ver\18120506_18120520\Ball.cpp(67,8): warning C4244:  '=': conversion from 'float' to 'int', possible loss of data
E:\Bai tap\OOP_Seminar_1\New_Ver\18120506_18120520\Ball.cpp(68,20): warning C4244:  'argument': conversion from 'double' to 'float', possible loss of data
E:\Bai tap\OOP_Seminar_1\New_Ver\18120506_18120520\Ball.cpp(68,13): warning C4244:  '=': conversion from 'float' to 'int', possible loss of data
E:\Bai tap\OOP_Seminar_1\New_Ver\18120506_18120520\Ball.cpp(71,20): warning C4244:  'argument': conversion from 'double' to 'float', possible loss of data
E:\Bai tap\OOP_Seminar_1\New_Ver\18120506_18120520\Ball.cpp(71,13): warning C4244:  '=': conversion from 'float' to 'int', possible loss of data
E:\Bai tap\OOP_Seminar_1\New_Ver\18120506_18120520\Ball.cpp(72,21): warning C4244:  'argument': conversion from 'double' to 'float', possible loss of data
E:\Bai tap\OOP_Seminar_1\New_Ver\18120506_18120520\Ball.cpp(72,8): warning C4244:  '=': conversion from 'float' to 'int', possible loss of data
E:\Bai tap\OOP_Seminar_1\New_Ver\18120506_18120520\Ball.cpp(75,20): warning C4244:  'argument': conversion from 'double' to 'float', possible loss of data
E:\Bai tap\OOP_Seminar_1\New_Ver\18120506_18120520\Ball.cpp(75,13): warning C4244:  '=': conversion from 'float' to 'int', possible loss of data
E:\Bai tap\OOP_Seminar_1\New_Ver\18120506_18120520\Ball.cpp(76,20): warning C4244:  'argument': conversion from 'double' to 'float', possible loss of data
E:\Bai tap\OOP_Seminar_1\New_Ver\18120506_18120520\Ball.cpp(76,13): warning C4244:  '=': conversion from 'float' to 'int', possible loss of data
E:\Bai tap\OOP_Seminar_1\New_Ver\18120506_18120520\Ball.cpp(79,21): warning C4244:  'argument': conversion from 'double' to 'float', possible loss of data
E:\Bai tap\OOP_Seminar_1\New_Ver\18120506_18120520\Ball.cpp(79,8): warning C4244:  '=': conversion from 'float' to 'int', possible loss of data
E:\Bai tap\OOP_Seminar_1\New_Ver\18120506_18120520\Ball.cpp(80,21): warning C4244:  'argument': conversion from 'double' to 'float', possible loss of data
  Bar.cpp
  Board.cpp
  main.cpp
  Match.cpp
  Menu.cpp
  Generating Code...
E:\Bai tap\OOP_Seminar_1\New_Ver\18120506_18120520\Ball.cpp(80,8): warning C4244:  '=': conversion from 'float' to 'int', possible loss of data
  LINK : E:\Bai tap\OOP_Seminar_1\New_Ver\18120506_18120520\Debug\HelloStdio_VS2015.exe not found or not built by the last incremental link; performing full link
graphics.lib(dibutil.obj) : warning LNK4099: PDB 'bgi.pdb' was not found with 'graphics.lib(dibutil.obj)' or at 'E:\Bai tap\OOP_Seminar_1\New_Ver\18120506_18120520\Debug\bgi.pdb'; linking object as if no debug info
graphics.lib(drawing.obj) : warning LNK4099: PDB 'bgi.pdb' was not found with 'graphics.lib(drawing.obj)' or at 'E:\Bai tap\OOP_Seminar_1\New_Ver\18120506_18120520\Debug\bgi.pdb'; linking object as if no debug info
graphics.lib(file.obj) : warning LNK4099: PDB 'bgi.pdb' was not found with 'graphics.lib(file.obj)' or at 'E:\Bai tap\OOP_Seminar_1\New_Ver\18120506_18120520\Debug\bgi.pdb'; linking object as if no debug info
graphics.lib(misc.obj) : warning LNK4099: PDB 'bgi.pdb' was not found with 'graphics.lib(misc.obj)' or at 'E:\Bai tap\OOP_Seminar_1\New_Ver\18120506_18120520\Debug\bgi.pdb'; linking object as if no debug info
graphics.lib(text.obj) : warning LNK4099: PDB 'bgi.pdb' was not found with 'graphics.lib(text.obj)' or at 'E:\Bai tap\OOP_Seminar_1\New_Ver\18120506_18120520\Debug\bgi.pdb'; linking object as if no debug info
graphics.lib(winbgi.obj) : warning LNK4099: PDB 'bgi.pdb' was not found with 'graphics.lib(winbgi.obj)' or at 'E:\Bai tap\OOP_Seminar_1\New_Ver\18120506_18120520\Debug\bgi.pdb'; linking object as if no debug info
graphics.lib(winthread.obj) : warning LNK4099: PDB 'bgi.pdb' was not found with 'graphics.lib(winthread.obj)' or at 'E:\Bai tap\OOP_Seminar_1\New_Ver\18120506_18120520\Debug\bgi.pdb'; linking object as if no debug info
  HelloStdio_VS2015.vcxproj -> E:\Bai tap\OOP_Seminar_1\New_Ver\18120506_18120520\Debug\HelloStdio_VS2015.exe
